<?xml version="1.0" encoding="UTF-8"?>
<!-- Generated by org.testng.reporters.JUnitXMLReporter -->
<testsuite ignored="1" hostname="DESKTOP-KFQU4PH" failures="0" tests="1" name="Default test" time="0.079" errors="0" timestamp="2021-12-14T08:07:02 PST">
  <testcase classname="qaclickacademy.seleniumTest" name="elementsUi" time="0.018"/>
  <testcase classname="qaclickacademy.seleniumTest" name="Browserautomation" time="0.0">
    <ignored/>
  </testcase> <!-- Browserautomation -->
</testsuite> <!-- Default test -->
