<?xml version="1.0" encoding="UTF-8"?>
<testng-results ignored="1" total="2" passed="1" failed="0" skipped="0">
  <reporter-output>
  </reporter-output>
  <suite started-at="2021-12-14T08:07:02 PST" name="Default suite" finished-at="2021-12-14T08:07:02 PST" duration-ms="79">
    <groups>
    </groups>
    <test started-at="2021-12-14T08:07:02 PST" name="Default test" finished-at="2021-12-14T08:07:02 PST" duration-ms="79">
      <class name="qaclickacademy.seleniumTest">
        <test-method signature="elementsUi()[pri:0, instance:qaclickacademy.seleniumTest@4a668b6e]" started-at="2021-12-14T08:07:02 PST" name="elementsUi" finished-at="2021-12-14T08:07:02 PST" duration-ms="18" status="PASS">
          <reporter-output>
          </reporter-output>
        </test-method> <!-- elementsUi -->
      </class> <!-- qaclickacademy.seleniumTest -->
    </test> <!-- Default test -->
  </suite> <!-- Default suite -->
</testng-results>
